INFO - 2024-04-17 20:55:39 --> Session: Class initialized using 'CodeIgniter\Session\Handlers\FileHandler' driver.
INFO - 2024-04-17 20:55:39 --> Session: Class initialized using 'CodeIgniter\Session\Handlers\FileHandler' driver.
ERROR - 2024-04-17 20:55:41 --> Error connecting to the database: mysqli_sql_exception: No se puede establecer una conexión ya que el equipo de destino denegó expresamente dicha conexión in C:\xampp\htdocs\mypine-electrica\system\Database\MySQLi\Connection.php:184
Stack trace:
#0 C:\xampp\htdocs\mypine-electrica\system\Database\MySQLi\Connection.php(184): mysqli->real_connect('localhost', 'root', Object(SensitiveParameterValue), 'electric_bd', 3306, '', 0)
#1 C:\xampp\htdocs\mypine-electrica\system\Database\BaseConnection.php(392): CodeIgniter\Database\MySQLi\Connection->connect(false)
#2 C:\xampp\htdocs\mypine-electrica\system\Database\BaseConnection.php(575): CodeIgniter\Database\BaseConnection->initialize()
#3 C:\xampp\htdocs\mypine-electrica\system\Database\BaseBuilder.php(1616): CodeIgniter\Database\BaseConnection->query('SELECT *\nFROM `...', Array, false)
#4 C:\xampp\htdocs\mypine-electrica\system\Model.php(270): CodeIgniter\Database\BaseBuilder->get()
#5 C:\xampp\htdocs\mypine-electrica\system\BaseModel.php(676): CodeIgniter\Model->doFirst()
#6 C:\xampp\htdocs\mypine-electrica\app\Helpers\CIFunctions_helper.php(22): CodeIgniter\BaseModel->first()
#7 C:\xampp\htdocs\mypine-electrica\app\Views\backend\layout\auth-layout.php(13): get_settings()
#8 C:\xampp\htdocs\mypine-electrica\system\View\View.php(228): include('C:\\xampp\\htdocs...')
#9 C:\xampp\htdocs\mypine-electrica\system\View\View.php(231): CodeIgniter\View\View->CodeIgniter\View\{closure}()
#10 C:\xampp\htdocs\mypine-electrica\system\View\View.php(244): CodeIgniter\View\View->render('backend/layout/...', Array, true)
#11 C:\xampp\htdocs\mypine-electrica\system\Common.php(1178): CodeIgniter\View\View->render('backend/pages/a...', Array, true)
#12 C:\xampp\htdocs\mypine-electrica\app\Controllers\AuthController.php(24): view('backend/pages/a...', Array)
#13 C:\xampp\htdocs\mypine-electrica\system\CodeIgniter.php(941): App\Controllers\AuthController->loginFrom()
#14 C:\xampp\htdocs\mypine-electrica\system\CodeIgniter.php(502): CodeIgniter\CodeIgniter->runController(Object(App\Controllers\AuthController))
#15 C:\xampp\htdocs\mypine-electrica\system\CodeIgniter.php(361): CodeIgniter\CodeIgniter->handleRequest(NULL, Object(Config\Cache), false)
#16 C:\xampp\htdocs\mypine-electrica\public\index.php(79): CodeIgniter\CodeIgniter->run()
#17 C:\xampp\htdocs\mypine-electrica\system\Commands\Server\rewrite.php(47): require_once('C:\\xampp\\htdocs...')
#18 {main}

Next CodeIgniter\Database\Exceptions\DatabaseException: No se puede establecer una conexión ya que el equipo de destino denegó expresamente dicha conexión in C:\xampp\htdocs\mypine-electrica\system\Database\MySQLi\Connection.php:229
Stack trace:
#0 C:\xampp\htdocs\mypine-electrica\system\Database\BaseConnection.php(392): CodeIgniter\Database\MySQLi\Connection->connect(false)
#1 C:\xampp\htdocs\mypine-electrica\system\Database\BaseConnection.php(575): CodeIgniter\Database\BaseConnection->initialize()
#2 C:\xampp\htdocs\mypine-electrica\system\Database\BaseBuilder.php(1616): CodeIgniter\Database\BaseConnection->query('SELECT *\nFROM `...', Array, false)
#3 C:\xampp\htdocs\mypine-electrica\system\Model.php(270): CodeIgniter\Database\BaseBuilder->get()
#4 C:\xampp\htdocs\mypine-electrica\system\BaseModel.php(676): CodeIgniter\Model->doFirst()
#5 C:\xampp\htdocs\mypine-electrica\app\Helpers\CIFunctions_helper.php(22): CodeIgniter\BaseModel->first()
#6 C:\xampp\htdocs\mypine-electrica\app\Views\backend\layout\auth-layout.php(13): get_settings()
#7 C:\xampp\htdocs\mypine-electrica\system\View\View.php(228): include('C:\\xampp\\htdocs...')
#8 C:\xampp\htdocs\mypine-electrica\system\View\View.php(231): CodeIgniter\View\View->CodeIgniter\View\{closure}()
#9 C:\xampp\htdocs\mypine-electrica\system\View\View.php(244): CodeIgniter\View\View->render('backend/layout/...', Array, true)
#10 C:\xampp\htdocs\mypine-electrica\system\Common.php(1178): CodeIgniter\View\View->render('backend/pages/a...', Array, true)
#11 C:\xampp\htdocs\mypine-electrica\app\Controllers\AuthController.php(24): view('backend/pages/a...', Array)
#12 C:\xampp\htdocs\mypine-electrica\system\CodeIgniter.php(941): App\Controllers\AuthController->loginFrom()
#13 C:\xampp\htdocs\mypine-electrica\system\CodeIgniter.php(502): CodeIgniter\CodeIgniter->runController(Object(App\Controllers\AuthController))
#14 C:\xampp\htdocs\mypine-electrica\system\CodeIgniter.php(361): CodeIgniter\CodeIgniter->handleRequest(NULL, Object(Config\Cache), false)
#15 C:\xampp\htdocs\mypine-electrica\public\index.php(79): CodeIgniter\CodeIgniter->run()
#16 C:\xampp\htdocs\mypine-electrica\system\Commands\Server\rewrite.php(47): require_once('C:\\xampp\\htdocs...')
#17 {main}
CRITICAL - 2024-04-17 20:55:41 --> CodeIgniter\Database\Exceptions\DatabaseException: Unable to connect to the database.
Main connection [MySQLi]: No se puede establecer una conexión ya que el equipo de destino denegó expresamente dicha conexión
in SYSTEMPATH\Database\BaseConnection.php on line 428.
 1 SYSTEMPATH\Database\BaseConnection.php(575): CodeIgniter\Database\BaseConnection->initialize()
 2 SYSTEMPATH\Database\BaseBuilder.php(1616): CodeIgniter\Database\BaseConnection->query('SELECT *
FROM `settings`
 LIMIT 1', [], false)
 3 SYSTEMPATH\Model.php(270): CodeIgniter\Database\BaseBuilder->get()
 4 SYSTEMPATH\BaseModel.php(676): CodeIgniter\Model->doFirst()
 5 APPPATH\Helpers\CIFunctions_helper.php(22): CodeIgniter\BaseModel->first()
 6 APPPATH\Views\backend\layout\auth-layout.php(13): get_settings()
 7 SYSTEMPATH\View\View.php(228): include('C:\\xampp\\htdocs\\mypine-electrica\\app\\Views\\backend\\layout\\auth-layout.php')
 8 SYSTEMPATH\View\View.php(231): CodeIgniter\View\View->CodeIgniter\View\{closure}()
 9 SYSTEMPATH\View\View.php(244): CodeIgniter\View\View->render('backend/layout/auth-layout', [], true)
10 SYSTEMPATH\Common.php(1178): CodeIgniter\View\View->render('backend/pages/auth/login', [], true)
11 APPPATH\Controllers\AuthController.php(24): view('backend/pages/auth/login', [...])
12 SYSTEMPATH\CodeIgniter.php(941): App\Controllers\AuthController->loginFrom()
13 SYSTEMPATH\CodeIgniter.php(502): CodeIgniter\CodeIgniter->runController(Object(App\Controllers\AuthController))
14 SYSTEMPATH\CodeIgniter.php(361): CodeIgniter\CodeIgniter->handleRequest(null, Object(Config\Cache), false)
15 FCPATH\index.php(79): CodeIgniter\CodeIgniter->run()
16 SYSTEMPATH\Commands\Server\rewrite.php(47): require_once('C:\\xampp\\htdocs\\mypine-electrica\\public\\index.php')
INFO - 2024-04-17 20:55:42 --> Session: Class initialized using 'CodeIgniter\Session\Handlers\FileHandler' driver.
INFO - 2024-04-17 20:55:42 --> Session: Class initialized using 'CodeIgniter\Session\Handlers\FileHandler' driver.
INFO - 2024-04-17 20:55:42 --> Session: Class initialized using 'CodeIgniter\Session\Handlers\FileHandler' driver.
ERROR - 2024-04-17 20:55:44 --> Error connecting to the database: mysqli_sql_exception: No se puede establecer una conexión ya que el equipo de destino denegó expresamente dicha conexión in C:\xampp\htdocs\mypine-electrica\system\Database\MySQLi\Connection.php:184
Stack trace:
#0 C:\xampp\htdocs\mypine-electrica\system\Database\MySQLi\Connection.php(184): mysqli->real_connect('localhost', 'root', Object(SensitiveParameterValue), 'electric_bd', 3306, '', 0)
#1 C:\xampp\htdocs\mypine-electrica\system\Database\BaseConnection.php(392): CodeIgniter\Database\MySQLi\Connection->connect(false)
#2 C:\xampp\htdocs\mypine-electrica\system\Database\BaseConnection.php(575): CodeIgniter\Database\BaseConnection->initialize()
#3 C:\xampp\htdocs\mypine-electrica\system\Database\BaseBuilder.php(1616): CodeIgniter\Database\BaseConnection->query('SELECT *\nFROM `...', Array, false)
#4 C:\xampp\htdocs\mypine-electrica\system\Model.php(270): CodeIgniter\Database\BaseBuilder->get()
#5 C:\xampp\htdocs\mypine-electrica\system\BaseModel.php(676): CodeIgniter\Model->doFirst()
#6 C:\xampp\htdocs\mypine-electrica\app\Helpers\CIFunctions_helper.php(22): CodeIgniter\BaseModel->first()
#7 C:\xampp\htdocs\mypine-electrica\app\Views\backend\layout\auth-layout.php(13): get_settings()
#8 C:\xampp\htdocs\mypine-electrica\system\View\View.php(228): include('C:\\xampp\\htdocs...')
#9 C:\xampp\htdocs\mypine-electrica\system\View\View.php(231): CodeIgniter\View\View->CodeIgniter\View\{closure}()
#10 C:\xampp\htdocs\mypine-electrica\system\View\View.php(244): CodeIgniter\View\View->render('backend/layout/...', Array, true)
#11 C:\xampp\htdocs\mypine-electrica\system\Common.php(1178): CodeIgniter\View\View->render('backend/pages/a...', Array, true)
#12 C:\xampp\htdocs\mypine-electrica\app\Controllers\AuthController.php(24): view('backend/pages/a...', Array)
#13 C:\xampp\htdocs\mypine-electrica\system\CodeIgniter.php(941): App\Controllers\AuthController->loginFrom()
#14 C:\xampp\htdocs\mypine-electrica\system\CodeIgniter.php(502): CodeIgniter\CodeIgniter->runController(Object(App\Controllers\AuthController))
#15 C:\xampp\htdocs\mypine-electrica\system\CodeIgniter.php(361): CodeIgniter\CodeIgniter->handleRequest(NULL, Object(Config\Cache), false)
#16 C:\xampp\htdocs\mypine-electrica\public\index.php(79): CodeIgniter\CodeIgniter->run()
#17 C:\xampp\htdocs\mypine-electrica\system\Commands\Server\rewrite.php(47): require_once('C:\\xampp\\htdocs...')
#18 {main}

Next CodeIgniter\Database\Exceptions\DatabaseException: No se puede establecer una conexión ya que el equipo de destino denegó expresamente dicha conexión in C:\xampp\htdocs\mypine-electrica\system\Database\MySQLi\Connection.php:229
Stack trace:
#0 C:\xampp\htdocs\mypine-electrica\system\Database\BaseConnection.php(392): CodeIgniter\Database\MySQLi\Connection->connect(false)
#1 C:\xampp\htdocs\mypine-electrica\system\Database\BaseConnection.php(575): CodeIgniter\Database\BaseConnection->initialize()
#2 C:\xampp\htdocs\mypine-electrica\system\Database\BaseBuilder.php(1616): CodeIgniter\Database\BaseConnection->query('SELECT *\nFROM `...', Array, false)
#3 C:\xampp\htdocs\mypine-electrica\system\Model.php(270): CodeIgniter\Database\BaseBuilder->get()
#4 C:\xampp\htdocs\mypine-electrica\system\BaseModel.php(676): CodeIgniter\Model->doFirst()
#5 C:\xampp\htdocs\mypine-electrica\app\Helpers\CIFunctions_helper.php(22): CodeIgniter\BaseModel->first()
#6 C:\xampp\htdocs\mypine-electrica\app\Views\backend\layout\auth-layout.php(13): get_settings()
#7 C:\xampp\htdocs\mypine-electrica\system\View\View.php(228): include('C:\\xampp\\htdocs...')
#8 C:\xampp\htdocs\mypine-electrica\system\View\View.php(231): CodeIgniter\View\View->CodeIgniter\View\{closure}()
#9 C:\xampp\htdocs\mypine-electrica\system\View\View.php(244): CodeIgniter\View\View->render('backend/layout/...', Array, true)
#10 C:\xampp\htdocs\mypine-electrica\system\Common.php(1178): CodeIgniter\View\View->render('backend/pages/a...', Array, true)
#11 C:\xampp\htdocs\mypine-electrica\app\Controllers\AuthController.php(24): view('backend/pages/a...', Array)
#12 C:\xampp\htdocs\mypine-electrica\system\CodeIgniter.php(941): App\Controllers\AuthController->loginFrom()
#13 C:\xampp\htdocs\mypine-electrica\system\CodeIgniter.php(502): CodeIgniter\CodeIgniter->runController(Object(App\Controllers\AuthController))
#14 C:\xampp\htdocs\mypine-electrica\system\CodeIgniter.php(361): CodeIgniter\CodeIgniter->handleRequest(NULL, Object(Config\Cache), false)
#15 C:\xampp\htdocs\mypine-electrica\public\index.php(79): CodeIgniter\CodeIgniter->run()
#16 C:\xampp\htdocs\mypine-electrica\system\Commands\Server\rewrite.php(47): require_once('C:\\xampp\\htdocs...')
#17 {main}
CRITICAL - 2024-04-17 20:55:44 --> CodeIgniter\Database\Exceptions\DatabaseException: Unable to connect to the database.
Main connection [MySQLi]: No se puede establecer una conexión ya que el equipo de destino denegó expresamente dicha conexión
in SYSTEMPATH\Database\BaseConnection.php on line 428.
 1 SYSTEMPATH\Database\BaseConnection.php(575): CodeIgniter\Database\BaseConnection->initialize()
 2 SYSTEMPATH\Database\BaseBuilder.php(1616): CodeIgniter\Database\BaseConnection->query('SELECT *
FROM `settings`
 LIMIT 1', [], false)
 3 SYSTEMPATH\Model.php(270): CodeIgniter\Database\BaseBuilder->get()
 4 SYSTEMPATH\BaseModel.php(676): CodeIgniter\Model->doFirst()
 5 APPPATH\Helpers\CIFunctions_helper.php(22): CodeIgniter\BaseModel->first()
 6 APPPATH\Views\backend\layout\auth-layout.php(13): get_settings()
 7 SYSTEMPATH\View\View.php(228): include('C:\\xampp\\htdocs\\mypine-electrica\\app\\Views\\backend\\layout\\auth-layout.php')
 8 SYSTEMPATH\View\View.php(231): CodeIgniter\View\View->CodeIgniter\View\{closure}()
 9 SYSTEMPATH\View\View.php(244): CodeIgniter\View\View->render('backend/layout/auth-layout', [], true)
10 SYSTEMPATH\Common.php(1178): CodeIgniter\View\View->render('backend/pages/auth/login', [], true)
11 APPPATH\Controllers\AuthController.php(24): view('backend/pages/auth/login', [...])
12 SYSTEMPATH\CodeIgniter.php(941): App\Controllers\AuthController->loginFrom()
13 SYSTEMPATH\CodeIgniter.php(502): CodeIgniter\CodeIgniter->runController(Object(App\Controllers\AuthController))
14 SYSTEMPATH\CodeIgniter.php(361): CodeIgniter\CodeIgniter->handleRequest(null, Object(Config\Cache), false)
15 FCPATH\index.php(79): CodeIgniter\CodeIgniter->run()
16 SYSTEMPATH\Commands\Server\rewrite.php(47): require_once('C:\\xampp\\htdocs\\mypine-electrica\\public\\index.php')
INFO - 2024-04-17 20:56:51 --> Session: Class initialized using 'CodeIgniter\Session\Handlers\FileHandler' driver.
ERROR - 2024-04-17 20:56:53 --> Error connecting to the database: mysqli_sql_exception: No se puede establecer una conexión ya que el equipo de destino denegó expresamente dicha conexión in C:\xampp\htdocs\mypine-electrica\system\Database\MySQLi\Connection.php:184
Stack trace:
#0 C:\xampp\htdocs\mypine-electrica\system\Database\MySQLi\Connection.php(184): mysqli->real_connect('localhost', 'root', Object(SensitiveParameterValue), 'electric_bd', 3306, '', 0)
#1 C:\xampp\htdocs\mypine-electrica\system\Database\BaseConnection.php(392): CodeIgniter\Database\MySQLi\Connection->connect(false)
#2 C:\xampp\htdocs\mypine-electrica\system\Database\BaseConnection.php(575): CodeIgniter\Database\BaseConnection->initialize()
#3 C:\xampp\htdocs\mypine-electrica\system\Database\BaseBuilder.php(1616): CodeIgniter\Database\BaseConnection->query('SELECT *\nFROM `...', Array, false)
#4 C:\xampp\htdocs\mypine-electrica\system\Model.php(270): CodeIgniter\Database\BaseBuilder->get()
#5 C:\xampp\htdocs\mypine-electrica\system\BaseModel.php(676): CodeIgniter\Model->doFirst()
#6 C:\xampp\htdocs\mypine-electrica\app\Helpers\CIFunctions_helper.php(22): CodeIgniter\BaseModel->first()
#7 C:\xampp\htdocs\mypine-electrica\app\Views\backend\layout\auth-layout.php(13): get_settings()
#8 C:\xampp\htdocs\mypine-electrica\system\View\View.php(228): include('C:\\xampp\\htdocs...')
#9 C:\xampp\htdocs\mypine-electrica\system\View\View.php(231): CodeIgniter\View\View->CodeIgniter\View\{closure}()
#10 C:\xampp\htdocs\mypine-electrica\system\View\View.php(244): CodeIgniter\View\View->render('backend/layout/...', Array, true)
#11 C:\xampp\htdocs\mypine-electrica\system\Common.php(1178): CodeIgniter\View\View->render('backend/pages/a...', Array, true)
#12 C:\xampp\htdocs\mypine-electrica\app\Controllers\AuthController.php(24): view('backend/pages/a...', Array)
#13 C:\xampp\htdocs\mypine-electrica\system\CodeIgniter.php(941): App\Controllers\AuthController->loginFrom()
#14 C:\xampp\htdocs\mypine-electrica\system\CodeIgniter.php(502): CodeIgniter\CodeIgniter->runController(Object(App\Controllers\AuthController))
#15 C:\xampp\htdocs\mypine-electrica\system\CodeIgniter.php(361): CodeIgniter\CodeIgniter->handleRequest(NULL, Object(Config\Cache), false)
#16 C:\xampp\htdocs\mypine-electrica\public\index.php(79): CodeIgniter\CodeIgniter->run()
#17 C:\xampp\htdocs\mypine-electrica\system\Commands\Server\rewrite.php(47): require_once('C:\\xampp\\htdocs...')
#18 {main}

Next CodeIgniter\Database\Exceptions\DatabaseException: No se puede establecer una conexión ya que el equipo de destino denegó expresamente dicha conexión in C:\xampp\htdocs\mypine-electrica\system\Database\MySQLi\Connection.php:229
Stack trace:
#0 C:\xampp\htdocs\mypine-electrica\system\Database\BaseConnection.php(392): CodeIgniter\Database\MySQLi\Connection->connect(false)
#1 C:\xampp\htdocs\mypine-electrica\system\Database\BaseConnection.php(575): CodeIgniter\Database\BaseConnection->initialize()
#2 C:\xampp\htdocs\mypine-electrica\system\Database\BaseBuilder.php(1616): CodeIgniter\Database\BaseConnection->query('SELECT *\nFROM `...', Array, false)
#3 C:\xampp\htdocs\mypine-electrica\system\Model.php(270): CodeIgniter\Database\BaseBuilder->get()
#4 C:\xampp\htdocs\mypine-electrica\system\BaseModel.php(676): CodeIgniter\Model->doFirst()
#5 C:\xampp\htdocs\mypine-electrica\app\Helpers\CIFunctions_helper.php(22): CodeIgniter\BaseModel->first()
#6 C:\xampp\htdocs\mypine-electrica\app\Views\backend\layout\auth-layout.php(13): get_settings()
#7 C:\xampp\htdocs\mypine-electrica\system\View\View.php(228): include('C:\\xampp\\htdocs...')
#8 C:\xampp\htdocs\mypine-electrica\system\View\View.php(231): CodeIgniter\View\View->CodeIgniter\View\{closure}()
#9 C:\xampp\htdocs\mypine-electrica\system\View\View.php(244): CodeIgniter\View\View->render('backend/layout/...', Array, true)
#10 C:\xampp\htdocs\mypine-electrica\system\Common.php(1178): CodeIgniter\View\View->render('backend/pages/a...', Array, true)
#11 C:\xampp\htdocs\mypine-electrica\app\Controllers\AuthController.php(24): view('backend/pages/a...', Array)
#12 C:\xampp\htdocs\mypine-electrica\system\CodeIgniter.php(941): App\Controllers\AuthController->loginFrom()
#13 C:\xampp\htdocs\mypine-electrica\system\CodeIgniter.php(502): CodeIgniter\CodeIgniter->runController(Object(App\Controllers\AuthController))
#14 C:\xampp\htdocs\mypine-electrica\system\CodeIgniter.php(361): CodeIgniter\CodeIgniter->handleRequest(NULL, Object(Config\Cache), false)
#15 C:\xampp\htdocs\mypine-electrica\public\index.php(79): CodeIgniter\CodeIgniter->run()
#16 C:\xampp\htdocs\mypine-electrica\system\Commands\Server\rewrite.php(47): require_once('C:\\xampp\\htdocs...')
#17 {main}
CRITICAL - 2024-04-17 20:56:53 --> CodeIgniter\Database\Exceptions\DatabaseException: Unable to connect to the database.
Main connection [MySQLi]: No se puede establecer una conexión ya que el equipo de destino denegó expresamente dicha conexión
in SYSTEMPATH\Database\BaseConnection.php on line 428.
 1 SYSTEMPATH\Database\BaseConnection.php(575): CodeIgniter\Database\BaseConnection->initialize()
 2 SYSTEMPATH\Database\BaseBuilder.php(1616): CodeIgniter\Database\BaseConnection->query('SELECT *
FROM `settings`
 LIMIT 1', [], false)
 3 SYSTEMPATH\Model.php(270): CodeIgniter\Database\BaseBuilder->get()
 4 SYSTEMPATH\BaseModel.php(676): CodeIgniter\Model->doFirst()
 5 APPPATH\Helpers\CIFunctions_helper.php(22): CodeIgniter\BaseModel->first()
 6 APPPATH\Views\backend\layout\auth-layout.php(13): get_settings()
 7 SYSTEMPATH\View\View.php(228): include('C:\\xampp\\htdocs\\mypine-electrica\\app\\Views\\backend\\layout\\auth-layout.php')
 8 SYSTEMPATH\View\View.php(231): CodeIgniter\View\View->CodeIgniter\View\{closure}()
 9 SYSTEMPATH\View\View.php(244): CodeIgniter\View\View->render('backend/layout/auth-layout', [], true)
10 SYSTEMPATH\Common.php(1178): CodeIgniter\View\View->render('backend/pages/auth/login', [], true)
11 APPPATH\Controllers\AuthController.php(24): view('backend/pages/auth/login', [...])
12 SYSTEMPATH\CodeIgniter.php(941): App\Controllers\AuthController->loginFrom()
13 SYSTEMPATH\CodeIgniter.php(502): CodeIgniter\CodeIgniter->runController(Object(App\Controllers\AuthController))
14 SYSTEMPATH\CodeIgniter.php(361): CodeIgniter\CodeIgniter->handleRequest(null, Object(Config\Cache), false)
15 FCPATH\index.php(79): CodeIgniter\CodeIgniter->run()
16 SYSTEMPATH\Commands\Server\rewrite.php(47): require_once('C:\\xampp\\htdocs\\mypine-electrica\\public\\index.php')
INFO - 2024-04-17 20:58:15 --> Session: Class initialized using 'CodeIgniter\Session\Handlers\FileHandler' driver.
ERROR - 2024-04-17 20:58:17 --> Error connecting to the database: mysqli_sql_exception: No se puede establecer una conexión ya que el equipo de destino denegó expresamente dicha conexión in C:\xampp\htdocs\mypine-electrica\system\Database\MySQLi\Connection.php:184
Stack trace:
#0 C:\xampp\htdocs\mypine-electrica\system\Database\MySQLi\Connection.php(184): mysqli->real_connect('localhost', 'root', Object(SensitiveParameterValue), 'electric_bd', 3306, '', 0)
#1 C:\xampp\htdocs\mypine-electrica\system\Database\BaseConnection.php(392): CodeIgniter\Database\MySQLi\Connection->connect(false)
#2 C:\xampp\htdocs\mypine-electrica\system\Database\BaseConnection.php(575): CodeIgniter\Database\BaseConnection->initialize()
#3 C:\xampp\htdocs\mypine-electrica\system\Database\BaseBuilder.php(1616): CodeIgniter\Database\BaseConnection->query('SELECT *\nFROM `...', Array, false)
#4 C:\xampp\htdocs\mypine-electrica\system\Model.php(270): CodeIgniter\Database\BaseBuilder->get()
#5 C:\xampp\htdocs\mypine-electrica\system\BaseModel.php(676): CodeIgniter\Model->doFirst()
#6 C:\xampp\htdocs\mypine-electrica\app\Helpers\CIFunctions_helper.php(22): CodeIgniter\BaseModel->first()
#7 C:\xampp\htdocs\mypine-electrica\app\Views\backend\layout\auth-layout.php(13): get_settings()
#8 C:\xampp\htdocs\mypine-electrica\system\View\View.php(228): include('C:\\xampp\\htdocs...')
#9 C:\xampp\htdocs\mypine-electrica\system\View\View.php(231): CodeIgniter\View\View->CodeIgniter\View\{closure}()
#10 C:\xampp\htdocs\mypine-electrica\system\View\View.php(244): CodeIgniter\View\View->render('backend/layout/...', Array, true)
#11 C:\xampp\htdocs\mypine-electrica\system\Common.php(1178): CodeIgniter\View\View->render('backend/pages/a...', Array, true)
#12 C:\xampp\htdocs\mypine-electrica\app\Controllers\AuthController.php(24): view('backend/pages/a...', Array)
#13 C:\xampp\htdocs\mypine-electrica\system\CodeIgniter.php(941): App\Controllers\AuthController->loginFrom()
#14 C:\xampp\htdocs\mypine-electrica\system\CodeIgniter.php(502): CodeIgniter\CodeIgniter->runController(Object(App\Controllers\AuthController))
#15 C:\xampp\htdocs\mypine-electrica\system\CodeIgniter.php(361): CodeIgniter\CodeIgniter->handleRequest(NULL, Object(Config\Cache), false)
#16 C:\xampp\htdocs\mypine-electrica\public\index.php(79): CodeIgniter\CodeIgniter->run()
#17 C:\xampp\htdocs\mypine-electrica\system\Commands\Server\rewrite.php(47): require_once('C:\\xampp\\htdocs...')
#18 {main}

Next CodeIgniter\Database\Exceptions\DatabaseException: No se puede establecer una conexión ya que el equipo de destino denegó expresamente dicha conexión in C:\xampp\htdocs\mypine-electrica\system\Database\MySQLi\Connection.php:229
Stack trace:
#0 C:\xampp\htdocs\mypine-electrica\system\Database\BaseConnection.php(392): CodeIgniter\Database\MySQLi\Connection->connect(false)
#1 C:\xampp\htdocs\mypine-electrica\system\Database\BaseConnection.php(575): CodeIgniter\Database\BaseConnection->initialize()
#2 C:\xampp\htdocs\mypine-electrica\system\Database\BaseBuilder.php(1616): CodeIgniter\Database\BaseConnection->query('SELECT *\nFROM `...', Array, false)
#3 C:\xampp\htdocs\mypine-electrica\system\Model.php(270): CodeIgniter\Database\BaseBuilder->get()
#4 C:\xampp\htdocs\mypine-electrica\system\BaseModel.php(676): CodeIgniter\Model->doFirst()
#5 C:\xampp\htdocs\mypine-electrica\app\Helpers\CIFunctions_helper.php(22): CodeIgniter\BaseModel->first()
#6 C:\xampp\htdocs\mypine-electrica\app\Views\backend\layout\auth-layout.php(13): get_settings()
#7 C:\xampp\htdocs\mypine-electrica\system\View\View.php(228): include('C:\\xampp\\htdocs...')
#8 C:\xampp\htdocs\mypine-electrica\system\View\View.php(231): CodeIgniter\View\View->CodeIgniter\View\{closure}()
#9 C:\xampp\htdocs\mypine-electrica\system\View\View.php(244): CodeIgniter\View\View->render('backend/layout/...', Array, true)
#10 C:\xampp\htdocs\mypine-electrica\system\Common.php(1178): CodeIgniter\View\View->render('backend/pages/a...', Array, true)
#11 C:\xampp\htdocs\mypine-electrica\app\Controllers\AuthController.php(24): view('backend/pages/a...', Array)
#12 C:\xampp\htdocs\mypine-electrica\system\CodeIgniter.php(941): App\Controllers\AuthController->loginFrom()
#13 C:\xampp\htdocs\mypine-electrica\system\CodeIgniter.php(502): CodeIgniter\CodeIgniter->runController(Object(App\Controllers\AuthController))
#14 C:\xampp\htdocs\mypine-electrica\system\CodeIgniter.php(361): CodeIgniter\CodeIgniter->handleRequest(NULL, Object(Config\Cache), false)
#15 C:\xampp\htdocs\mypine-electrica\public\index.php(79): CodeIgniter\CodeIgniter->run()
#16 C:\xampp\htdocs\mypine-electrica\system\Commands\Server\rewrite.php(47): require_once('C:\\xampp\\htdocs...')
#17 {main}
CRITICAL - 2024-04-17 20:58:17 --> CodeIgniter\Database\Exceptions\DatabaseException: Unable to connect to the database.
Main connection [MySQLi]: No se puede establecer una conexión ya que el equipo de destino denegó expresamente dicha conexión
in SYSTEMPATH\Database\BaseConnection.php on line 428.
 1 SYSTEMPATH\Database\BaseConnection.php(575): CodeIgniter\Database\BaseConnection->initialize()
 2 SYSTEMPATH\Database\BaseBuilder.php(1616): CodeIgniter\Database\BaseConnection->query('SELECT *
FROM `settings`
 LIMIT 1', [], false)
 3 SYSTEMPATH\Model.php(270): CodeIgniter\Database\BaseBuilder->get()
 4 SYSTEMPATH\BaseModel.php(676): CodeIgniter\Model->doFirst()
 5 APPPATH\Helpers\CIFunctions_helper.php(22): CodeIgniter\BaseModel->first()
 6 APPPATH\Views\backend\layout\auth-layout.php(13): get_settings()
 7 SYSTEMPATH\View\View.php(228): include('C:\\xampp\\htdocs\\mypine-electrica\\app\\Views\\backend\\layout\\auth-layout.php')
 8 SYSTEMPATH\View\View.php(231): CodeIgniter\View\View->CodeIgniter\View\{closure}()
 9 SYSTEMPATH\View\View.php(244): CodeIgniter\View\View->render('backend/layout/auth-layout', [], true)
10 SYSTEMPATH\Common.php(1178): CodeIgniter\View\View->render('backend/pages/auth/login', [], true)
11 APPPATH\Controllers\AuthController.php(24): view('backend/pages/auth/login', [...])
12 SYSTEMPATH\CodeIgniter.php(941): App\Controllers\AuthController->loginFrom()
13 SYSTEMPATH\CodeIgniter.php(502): CodeIgniter\CodeIgniter->runController(Object(App\Controllers\AuthController))
14 SYSTEMPATH\CodeIgniter.php(361): CodeIgniter\CodeIgniter->handleRequest(null, Object(Config\Cache), false)
15 FCPATH\index.php(79): CodeIgniter\CodeIgniter->run()
16 SYSTEMPATH\Commands\Server\rewrite.php(47): require_once('C:\\xampp\\htdocs\\mypine-electrica\\public\\index.php')
INFO - 2024-04-17 20:58:17 --> Session: Class initialized using 'CodeIgniter\Session\Handlers\FileHandler' driver.
ERROR - 2024-04-17 20:58:19 --> Error connecting to the database: mysqli_sql_exception: No se puede establecer una conexión ya que el equipo de destino denegó expresamente dicha conexión in C:\xampp\htdocs\mypine-electrica\system\Database\MySQLi\Connection.php:184
Stack trace:
#0 C:\xampp\htdocs\mypine-electrica\system\Database\MySQLi\Connection.php(184): mysqli->real_connect('localhost', 'root', Object(SensitiveParameterValue), 'electric_bd', 3306, '', 0)
#1 C:\xampp\htdocs\mypine-electrica\system\Database\BaseConnection.php(392): CodeIgniter\Database\MySQLi\Connection->connect(false)
#2 C:\xampp\htdocs\mypine-electrica\system\Database\BaseConnection.php(575): CodeIgniter\Database\BaseConnection->initialize()
#3 C:\xampp\htdocs\mypine-electrica\system\Database\BaseBuilder.php(1616): CodeIgniter\Database\BaseConnection->query('SELECT *\nFROM `...', Array, false)
#4 C:\xampp\htdocs\mypine-electrica\system\Model.php(270): CodeIgniter\Database\BaseBuilder->get()
#5 C:\xampp\htdocs\mypine-electrica\system\BaseModel.php(676): CodeIgniter\Model->doFirst()
#6 C:\xampp\htdocs\mypine-electrica\app\Helpers\CIFunctions_helper.php(22): CodeIgniter\BaseModel->first()
#7 C:\xampp\htdocs\mypine-electrica\app\Views\backend\layout\auth-layout.php(13): get_settings()
#8 C:\xampp\htdocs\mypine-electrica\system\View\View.php(228): include('C:\\xampp\\htdocs...')
#9 C:\xampp\htdocs\mypine-electrica\system\View\View.php(231): CodeIgniter\View\View->CodeIgniter\View\{closure}()
#10 C:\xampp\htdocs\mypine-electrica\system\View\View.php(244): CodeIgniter\View\View->render('backend/layout/...', Array, true)
#11 C:\xampp\htdocs\mypine-electrica\system\Common.php(1178): CodeIgniter\View\View->render('backend/pages/a...', Array, true)
#12 C:\xampp\htdocs\mypine-electrica\app\Controllers\AuthController.php(24): view('backend/pages/a...', Array)
#13 C:\xampp\htdocs\mypine-electrica\system\CodeIgniter.php(941): App\Controllers\AuthController->loginFrom()
#14 C:\xampp\htdocs\mypine-electrica\system\CodeIgniter.php(502): CodeIgniter\CodeIgniter->runController(Object(App\Controllers\AuthController))
#15 C:\xampp\htdocs\mypine-electrica\system\CodeIgniter.php(361): CodeIgniter\CodeIgniter->handleRequest(NULL, Object(Config\Cache), false)
#16 C:\xampp\htdocs\mypine-electrica\public\index.php(79): CodeIgniter\CodeIgniter->run()
#17 C:\xampp\htdocs\mypine-electrica\system\Commands\Server\rewrite.php(47): require_once('C:\\xampp\\htdocs...')
#18 {main}

Next CodeIgniter\Database\Exceptions\DatabaseException: No se puede establecer una conexión ya que el equipo de destino denegó expresamente dicha conexión in C:\xampp\htdocs\mypine-electrica\system\Database\MySQLi\Connection.php:229
Stack trace:
#0 C:\xampp\htdocs\mypine-electrica\system\Database\BaseConnection.php(392): CodeIgniter\Database\MySQLi\Connection->connect(false)
#1 C:\xampp\htdocs\mypine-electrica\system\Database\BaseConnection.php(575): CodeIgniter\Database\BaseConnection->initialize()
#2 C:\xampp\htdocs\mypine-electrica\system\Database\BaseBuilder.php(1616): CodeIgniter\Database\BaseConnection->query('SELECT *\nFROM `...', Array, false)
#3 C:\xampp\htdocs\mypine-electrica\system\Model.php(270): CodeIgniter\Database\BaseBuilder->get()
#4 C:\xampp\htdocs\mypine-electrica\system\BaseModel.php(676): CodeIgniter\Model->doFirst()
#5 C:\xampp\htdocs\mypine-electrica\app\Helpers\CIFunctions_helper.php(22): CodeIgniter\BaseModel->first()
#6 C:\xampp\htdocs\mypine-electrica\app\Views\backend\layout\auth-layout.php(13): get_settings()
#7 C:\xampp\htdocs\mypine-electrica\system\View\View.php(228): include('C:\\xampp\\htdocs...')
#8 C:\xampp\htdocs\mypine-electrica\system\View\View.php(231): CodeIgniter\View\View->CodeIgniter\View\{closure}()
#9 C:\xampp\htdocs\mypine-electrica\system\View\View.php(244): CodeIgniter\View\View->render('backend/layout/...', Array, true)
#10 C:\xampp\htdocs\mypine-electrica\system\Common.php(1178): CodeIgniter\View\View->render('backend/pages/a...', Array, true)
#11 C:\xampp\htdocs\mypine-electrica\app\Controllers\AuthController.php(24): view('backend/pages/a...', Array)
#12 C:\xampp\htdocs\mypine-electrica\system\CodeIgniter.php(941): App\Controllers\AuthController->loginFrom()
#13 C:\xampp\htdocs\mypine-electrica\system\CodeIgniter.php(502): CodeIgniter\CodeIgniter->runController(Object(App\Controllers\AuthController))
#14 C:\xampp\htdocs\mypine-electrica\system\CodeIgniter.php(361): CodeIgniter\CodeIgniter->handleRequest(NULL, Object(Config\Cache), false)
#15 C:\xampp\htdocs\mypine-electrica\public\index.php(79): CodeIgniter\CodeIgniter->run()
#16 C:\xampp\htdocs\mypine-electrica\system\Commands\Server\rewrite.php(47): require_once('C:\\xampp\\htdocs...')
#17 {main}
CRITICAL - 2024-04-17 20:58:19 --> CodeIgniter\Database\Exceptions\DatabaseException: Unable to connect to the database.
Main connection [MySQLi]: No se puede establecer una conexión ya que el equipo de destino denegó expresamente dicha conexión
in SYSTEMPATH\Database\BaseConnection.php on line 428.
 1 SYSTEMPATH\Database\BaseConnection.php(575): CodeIgniter\Database\BaseConnection->initialize()
 2 SYSTEMPATH\Database\BaseBuilder.php(1616): CodeIgniter\Database\BaseConnection->query('SELECT *
FROM `settings`
 LIMIT 1', [], false)
 3 SYSTEMPATH\Model.php(270): CodeIgniter\Database\BaseBuilder->get()
 4 SYSTEMPATH\BaseModel.php(676): CodeIgniter\Model->doFirst()
 5 APPPATH\Helpers\CIFunctions_helper.php(22): CodeIgniter\BaseModel->first()
 6 APPPATH\Views\backend\layout\auth-layout.php(13): get_settings()
 7 SYSTEMPATH\View\View.php(228): include('C:\\xampp\\htdocs\\mypine-electrica\\app\\Views\\backend\\layout\\auth-layout.php')
 8 SYSTEMPATH\View\View.php(231): CodeIgniter\View\View->CodeIgniter\View\{closure}()
 9 SYSTEMPATH\View\View.php(244): CodeIgniter\View\View->render('backend/layout/auth-layout', [], true)
10 SYSTEMPATH\Common.php(1178): CodeIgniter\View\View->render('backend/pages/auth/login', [], true)
11 APPPATH\Controllers\AuthController.php(24): view('backend/pages/auth/login', [...])
12 SYSTEMPATH\CodeIgniter.php(941): App\Controllers\AuthController->loginFrom()
13 SYSTEMPATH\CodeIgniter.php(502): CodeIgniter\CodeIgniter->runController(Object(App\Controllers\AuthController))
14 SYSTEMPATH\CodeIgniter.php(361): CodeIgniter\CodeIgniter->handleRequest(null, Object(Config\Cache), false)
15 FCPATH\index.php(79): CodeIgniter\CodeIgniter->run()
16 SYSTEMPATH\Commands\Server\rewrite.php(47): require_once('C:\\xampp\\htdocs\\mypine-electrica\\public\\index.php')
INFO - 2024-04-17 21:03:06 --> Session: Class initialized using 'CodeIgniter\Session\Handlers\FileHandler' driver.
INFO - 2024-04-17 21:32:07 --> Session: Class initialized using 'CodeIgniter\Session\Handlers\FileHandler' driver.
INFO - 2024-04-17 21:32:09 --> Session: Class initialized using 'CodeIgniter\Session\Handlers\FileHandler' driver.
INFO - 2024-04-17 21:32:15 --> Session: Class initialized using 'CodeIgniter\Session\Handlers\FileHandler' driver.
INFO - 2024-04-17 21:32:15 --> Session: Class initialized using 'CodeIgniter\Session\Handlers\FileHandler' driver.
INFO - 2024-04-17 21:32:23 --> Session: Class initialized using 'CodeIgniter\Session\Handlers\FileHandler' driver.
INFO - 2024-04-17 21:32:23 --> Session: Class initialized using 'CodeIgniter\Session\Handlers\FileHandler' driver.
INFO - 2024-04-17 21:32:29 --> Session: Class initialized using 'CodeIgniter\Session\Handlers\FileHandler' driver.
INFO - 2024-04-17 21:32:29 --> Session: Class initialized using 'CodeIgniter\Session\Handlers\FileHandler' driver.
INFO - 2024-04-17 21:32:35 --> Session: Class initialized using 'CodeIgniter\Session\Handlers\FileHandler' driver.
INFO - 2024-04-17 21:32:36 --> Session: Class initialized using 'CodeIgniter\Session\Handlers\FileHandler' driver.
INFO - 2024-04-17 21:32:37 --> Session: Class initialized using 'CodeIgniter\Session\Handlers\FileHandler' driver.
INFO - 2024-04-17 21:32:42 --> Session: Class initialized using 'CodeIgniter\Session\Handlers\FileHandler' driver.
INFO - 2024-04-17 21:36:40 --> Session: Class initialized using 'CodeIgniter\Session\Handlers\FileHandler' driver.
INFO - 2024-04-17 21:42:30 --> Session: Class initialized using 'CodeIgniter\Session\Handlers\FileHandler' driver.
INFO - 2024-04-17 21:44:12 --> Session: Class initialized using 'CodeIgniter\Session\Handlers\FileHandler' driver.
INFO - 2024-04-17 21:45:01 --> Session: Class initialized using 'CodeIgniter\Session\Handlers\FileHandler' driver.
INFO - 2024-04-17 22:01:58 --> Session: Class initialized using 'CodeIgniter\Session\Handlers\FileHandler' driver.
INFO - 2024-04-17 22:21:18 --> Session: Class initialized using 'CodeIgniter\Session\Handlers\FileHandler' driver.
INFO - 2024-04-17 22:38:56 --> Session: Class initialized using 'CodeIgniter\Session\Handlers\FileHandler' driver.
INFO - 2024-04-17 22:50:17 --> Session: Class initialized using 'CodeIgniter\Session\Handlers\FileHandler' driver.
INFO - 2024-04-17 23:17:12 --> Session: Class initialized using 'CodeIgniter\Session\Handlers\FileHandler' driver.
INFO - 2024-04-17 23:20:10 --> Session: Class initialized using 'CodeIgniter\Session\Handlers\FileHandler' driver.
